<?xml version='1.0' encoding='UTF-8'?>
<testsuite hostname="DESKTOP-J2S32C4" name="MajorityPrinter" tests="1" errors="0" failures="0" skipped="0" time="7.474" timestamp="2023-02-09T15:59:06">
          <properties>
[...]
</properties>
          <testcase classname="MajorityPrinter" name="Majority print results should pass" time="7.474">
                      
                    </testcase>
          <system-out><![CDATA[]]></system-out>
          <system-err><![CDATA[]]></system-err>
        </testsuite>